<?xml version="1.0" encoding="UTF-8"?>
<testsuites name="Test Suite 825" time="26.699" tests="1" failures="0" errors="0">
   <testsuite name="Test Suite 825" tests="1" failures="0" errors="0" time="26.699" skipped="0" timestamp="2022-08-25 11:16:35" hostname="Blake.Engrav - BNG-LPTP-386.mshome.net" id="Test Suites/Test Suite 825">
      <properties>
         <property name="deviceName" value=""/>
         <property name="devicePlatform" value=""/>
         <property name="logFolder" value="C:\\Users\\blake.engrav\\git\\TestCaseRepo\\Reports\\20220825_111630\\Test Suite 825\\20220825_111630"/>
         <property name="logFiles" value="C:\\Users\\blake.engrav\\git\\TestCaseRepo\\Reports\\20220825_111630\\Test Suite 825\\20220825_111630\\execution0.log"/>
         <property name="attachments" value=""/>
         <property name="hostName" value="Blake.Engrav - BNG-LPTP-386.mshome.net"/>
         <property name="os" value="Windows 10 64bit"/>
         <property name="katalonVersion" value="8.4.1.208"/>
         <property name="browser" value="Chrome 99.0.4844.51"/>
         <property name="hostAddress" value="172.24.80.1"/>
         <property name="sessionId" value="9e750b50a94424f098c6585f8e8a3840"/>
         <property name="seleniumVersion" value="3.141.59"/>
         <property name="proxyInformation" value="ProxyInformation { proxyOption=NO_PROXY, proxyServerType=HTTP, username=, password=********, proxyServerAddress=, proxyServerPort=0, executionList=&quot;&quot;, isApplyToDesiredCapabilities=true }"/>
         <property name="platform" value="Windows 10"/>
      </properties>
      <testcase name="Test Cases/Sample Test Case 825" time="26.435" classname="Test Cases/Sample Test Case 825" status="PASSED">
         <system-out><![CDATA[2022-08-25 11:16:35 - [TEST_CASE][PASSED] - Test Cases/Sample Test Case 825: Test Cases/Sample Test Case 825

2022-08-25 11:16:36 - [TEST_STEP][PASSED] - openBrowser(""): Browser is opened with url: ''

2022-08-25 11:16:36 - [MESSAGE][INFO] - Starting 'Chrome' driver

2022-08-25 11:16:36 - [MESSAGE][INFO] - Action delay is set to 0 milliseconds

2022-08-25 11:16:39 - [MESSAGE][PASSED] - Browser is opened with url: ''

2022-08-25 11:16:39 - [TEST_STEP][PASSED] - navigateToUrl("https://testsage-walker.dev-connectboosterportal.com/platform/login"): Navigate to 'https://testsage-walker.dev-connectboosterportal.com/platform/login' successfully

2022-08-25 11:16:42 - [MESSAGE][PASSED] - Navigate to 'https://testsage-walker.dev-connectboosterportal.com/platform/login' successfully

2022-08-25 11:16:42 - [TEST_STEP][PASSED] - setText(findTestObject("Object Repository/Page_Sign In/input_Enter Email_mat-input-0"), "blake.engrav@bngholdingsinc.com"): Text 'blake.engrav@bngholdingsinc.com' is set on object 'Object Repository/Page_Sign In/input_Enter Email_mat-input-0'

2022-08-25 11:16:44 - [MESSAGE][PASSED] - Text 'blake.engrav@bngholdingsinc.com' is set on object 'Object Repository/Page_Sign In/input_Enter Email_mat-input-0'

2022-08-25 11:16:44 - [TEST_STEP][PASSED] - setEncryptedText(findTestObject("Object Repository/Page_Sign In/input_Please enter valid email_mat-input-1"), "p4y+y39Ir5M+OEhtE99IdA=="): Text ****** has been set on object 'Object Repository/Page_Sign In/input_Please enter valid email_mat-input-1'

2022-08-25 11:16:44 - [MESSAGE][PASSED] - Text ****** has been set on object 'Object Repository/Page_Sign In/input_Please enter valid email_mat-input-1'

2022-08-25 11:16:44 - [TEST_STEP][PASSED] - click(findTestObject("Object Repository/Page_Sign In/span_Sign In")): Object: 'Object Repository/Page_Sign In/span_Sign In' is clicked on

2022-08-25 11:16:45 - [MESSAGE][PASSED] - Object: 'Object Repository/Page_Sign In/span_Sign In' is clicked on

2022-08-25 11:16:45 - [TEST_STEP][PASSED] - click(findTestObject("Object Repository/Page_Overview/button_Logout_mat-focus-indicator headerLef_5ac3dc")): Object: 'Object Repository/Page_Overview/button_Logout_mat-focus-indicator headerLef_5ac3dc' is clicked on

2022-08-25 11:16:49 - [MESSAGE][PASSED] - Object: 'Object Repository/Page_Overview/button_Logout_mat-focus-indicator headerLef_5ac3dc' is clicked on

2022-08-25 11:16:49 - [TEST_STEP][PASSED] - click(findTestObject("Object Repository/Page_Overview/button_Customers")): Object: 'Object Repository/Page_Overview/button_Customers' is clicked on

2022-08-25 11:16:50 - [MESSAGE][PASSED] - Object: 'Object Repository/Page_Overview/button_Customers' is clicked on

2022-08-25 11:16:50 - [TEST_STEP][PASSED] - click(findTestObject("Object Repository/Page_Customers/a_Ravnica Construction Co")): Object: 'Object Repository/Page_Customers/a_Ravnica Construction Co' is clicked on

2022-08-25 11:16:51 - [MESSAGE][PASSED] - Object: 'Object Repository/Page_Customers/a_Ravnica Construction Co' is clicked on

2022-08-25 11:16:51 - [TEST_STEP][PASSED] - click(findTestObject("Object Repository/Page_Customers Details/button_Open Invoices_mat-focus-indicator ma_e209a1")): Object: 'Object Repository/Page_Customers Details/button_Open Invoices_mat-focus-indicator ma_e209a1' is clicked on

2022-08-25 11:16:53 - [MESSAGE][PASSED] - Object: 'Object Repository/Page_Customers Details/button_Open Invoices_mat-focus-indicator ma_e209a1' is clicked on

2022-08-25 11:16:53 - [TEST_STEP][PASSED] - click(findTestObject("Object Repository/Page_Open Invoices/span_MORE")): Object: 'Object Repository/Page_Open Invoices/span_MORE' is clicked on

2022-08-25 11:16:54 - [MESSAGE][PASSED] - Object: 'Object Repository/Page_Open Invoices/span_MORE' is clicked on

2022-08-25 11:16:54 - [TEST_STEP][PASSED] - rightClick(findTestObject("Object Repository/Page_Open Invoices/button_Pay")): Object: 'Object Repository/Page_Open Invoices/button_Pay' is right clicked on

2022-08-25 11:16:56 - [MESSAGE][PASSED] - Object: 'Object Repository/Page_Open Invoices/button_Pay' is right clicked on

2022-08-25 11:16:56 - [TEST_STEP][PASSED] - click(findTestObject("Object Repository/Page_Open Invoices/button_Pay")): Object: 'Object Repository/Page_Open Invoices/button_Pay' is clicked on

2022-08-25 11:16:57 - [MESSAGE][PASSED] - Object: 'Object Repository/Page_Open Invoices/button_Pay' is clicked on

2022-08-25 11:16:57 - [TEST_STEP][PASSED] - click(findTestObject("Object Repository/Page_Open Invoices/div_VISA200 BAD (3863)_mat-select-arrow ng-_b7b409")): Object: 'Object Repository/Page_Open Invoices/div_VISA200 BAD (3863)_mat-select-arrow ng-_b7b409' is clicked on

2022-08-25 11:16:57 - [MESSAGE][PASSED] - Object: 'Object Repository/Page_Open Invoices/div_VISA200 BAD (3863)_mat-select-arrow ng-_b7b409' is clicked on

2022-08-25 11:16:57 - [TEST_STEP][PASSED] - setText(findTestObject("Object Repository/Page_Open Invoices/input_Balance 10.00_mat-input-11"), "1"): Text '1' is set on object 'Object Repository/Page_Open Invoices/input_Balance 10.00_mat-input-11'

2022-08-25 11:16:58 - [MESSAGE][PASSED] - Text '1' is set on object 'Object Repository/Page_Open Invoices/input_Balance 10.00_mat-input-11'

2022-08-25 11:16:58 - [TEST_STEP][PASSED] - click(findTestObject("Object Repository/Page_Open Invoices/button_Next")): Object: 'Object Repository/Page_Open Invoices/button_Next' is clicked on

2022-08-25 11:16:59 - [MESSAGE][PASSED] - Object: 'Object Repository/Page_Open Invoices/button_Next' is clicked on

2022-08-25 11:16:59 - [TEST_STEP][PASSED] - click(findTestObject("Object Repository/Page_Open Invoices/button_Confirm")): Object: 'Object Repository/Page_Open Invoices/button_Confirm' is clicked on

2022-08-25 11:17:00 - [MESSAGE][PASSED] - Object: 'Object Repository/Page_Open Invoices/button_Confirm' is clicked on

2022-08-25 11:17:00 - [TEST_STEP][PASSED] - rightClick(findTestObject("Object Repository/Page_Open Invoices/div_Error Cannot Use Locked Payment Method _3e33d2")): Object: 'Object Repository/Page_Open Invoices/div_Error Cannot Use Locked Payment Method _3e33d2' is right clicked on

2022-08-25 11:17:00 - [MESSAGE][PASSED] - Object: 'Object Repository/Page_Open Invoices/div_Error Cannot Use Locked Payment Method _3e33d2' is right clicked on

2022-08-25 11:17:00 - [TEST_STEP][PASSED] - click(findTestObject("Object Repository/Page_Open Invoices/div_Error Cannot Use Locked Payment Method _3e33d2")): Object: 'Object Repository/Page_Open Invoices/div_Error Cannot Use Locked Payment Method _3e33d2' is clicked on

2022-08-25 11:17:01 - [MESSAGE][PASSED] - Object: 'Object Repository/Page_Open Invoices/div_Error Cannot Use Locked Payment Method _3e33d2' is clicked on

2022-08-25 11:17:01 - [TEST_STEP][PASSED] - click(findTestObject("Object Repository/Page_Open Invoices/span_Close")): Object: 'Object Repository/Page_Open Invoices/span_Close' is clicked on

2022-08-25 11:17:01 - [MESSAGE][PASSED] - Object: 'Object Repository/Page_Open Invoices/span_Close' is clicked on

2022-08-25 11:17:01 - [TEST_STEP][PASSED] - closeBrowser(): Browser is closed

2022-08-25 11:17:02 - [MESSAGE][PASSED] - Browser is closed]]></system-out>
         <system-err><![CDATA[]]></system-err>
      </testcase>
      <system-out><![CDATA[2022-08-25 11:16:35 - [TEST_SUITE][PASSED] - Test Suite 825: Test Cases/Sample Test Case 825]]></system-out>
      <system-err><![CDATA[]]></system-err>
   </testsuite>
</testsuites>
