<?xml version="1.0" encoding="UTF-8"?>
<testsuites name="Test Suite 825" time="78.566" tests="2" failures="0" errors="0">
   <testsuite name="Test Suite 825" tests="2" failures="0" errors="0" time="78.566" skipped="0" timestamp="2022-09-01 11:04:08" hostname="Blake.Engrav - BNG-LPTP-386.mshome.net" id="Test Suites/Test Suite 825">
      <properties>
         <property name="deviceName" value=""/>
         <property name="devicePlatform" value=""/>
         <property name="logFolder" value="C:\\Users\\blake.engrav\\git\\TestCaseRepo\\Reports\\20220901_110401\\Test Suite 825\\20220901_110401"/>
         <property name="logFiles" value="C:\\Users\\blake.engrav\\git\\TestCaseRepo\\Reports\\20220901_110401\\Test Suite 825\\20220901_110401\\execution0.log"/>
         <property name="attachments" value=""/>
         <property name="hostName" value="Blake.Engrav - BNG-LPTP-386.mshome.net"/>
         <property name="os" value="Windows 10 64bit"/>
         <property name="katalonVersion" value="8.4.1.208"/>
         <property name="browser" value="Chrome 99.0.4844.51"/>
         <property name="hostAddress" value="172.24.80.1"/>
         <property name="sessionId" value="3924a88bd84883bc94e5ed04312a80d9"/>
         <property name="seleniumVersion" value="3.141.59"/>
         <property name="proxyInformation" value="ProxyInformation { proxyOption=NO_PROXY, proxyServerType=HTTP, username=, password=********, proxyServerAddress=, proxyServerPort=0, executionList=&quot;&quot;, isApplyToDesiredCapabilities=true }"/>
         <property name="platform" value="Windows 10"/>
      </properties>
      <testcase name="Test Cases/Smoke Tests/Make payment via tenant portal" time="52.821" classname="Test Cases/Smoke Tests/Make payment via tenant portal" status="PASSED">
         <system-out><![CDATA[2022-09-01 11:04:09 - [TEST_CASE][PASSED] - Test Cases/Smoke Tests/Make payment via tenant portal: Test Cases/Smoke Tests/Make payment via tenant portal

2022-09-01 11:04:09 - [TEST_STEP][PASSED] - openBrowser(""): Browser is opened with url: ''

2022-09-01 11:04:10 - [MESSAGE][INFO] - Starting 'Chrome' driver

2022-09-01 11:04:10 - [MESSAGE][INFO] - Action delay is set to 0 milliseconds

2022-09-01 11:04:13 - [MESSAGE][PASSED] - Browser is opened with url: ''

2022-09-01 11:04:13 - [TEST_STEP][PASSED] - navigateToUrl("https://test-automation-do-not-use.dev-connectboosterportal.com/platform/"): Navigate to 'https://test-automation-do-not-use.dev-connectboosterportal.com/platform/' successfully

2022-09-01 11:04:16 - [MESSAGE][PASSED] - Navigate to 'https://test-automation-do-not-use.dev-connectboosterportal.com/platform/' successfully

2022-09-01 11:04:16 - [TEST_STEP][PASSED] - setText(findTestObject("Object Repository/Page_Sign In/input_Enter Email_mat-input-0"), "blake.engrav@bngholdingsinc.com"): Text 'blake.engrav@bngholdingsinc.com' is set on object 'Object Repository/Page_Sign In/input_Enter Email_mat-input-0'

2022-09-01 11:04:21 - [MESSAGE][PASSED] - Text 'blake.engrav@bngholdingsinc.com' is set on object 'Object Repository/Page_Sign In/input_Enter Email_mat-input-0'

2022-09-01 11:04:21 - [TEST_STEP][PASSED] - setEncryptedText(findTestObject("Object Repository/Page_Sign In/input_Please enter valid email_mat-input-1"), "p4y+y39Ir5NKue+owstwyA=="): Text ****** has been set on object 'Object Repository/Page_Sign In/input_Please enter valid email_mat-input-1'

2022-09-01 11:04:22 - [MESSAGE][PASSED] - Text ****** has been set on object 'Object Repository/Page_Sign In/input_Please enter valid email_mat-input-1'

2022-09-01 11:04:22 - [TEST_STEP][PASSED] - sendKeys(findTestObject("Object Repository/Page_Sign In/input_Please enter valid email_mat-input-1"), Keys.chord(ENTER)): Keys 'ENTER + ' sent to object: 'Object Repository/Page_Sign In/input_Please enter valid email_mat-input-1'

2022-09-01 11:04:22 - [MESSAGE][PASSED] - Keys 'ENTER + ' sent to object: 'Object Repository/Page_Sign In/input_Please enter valid email_mat-input-1'

2022-09-01 11:04:22 - [TEST_STEP][PASSED] - click(findTestObject("Object Repository/Page_Overview/button_Logout_mat-focus-indicator headerLef_5ac3dc")): Object: 'Object Repository/Page_Overview/button_Logout_mat-focus-indicator headerLef_5ac3dc' is clicked on

2022-09-01 11:04:32 - [MESSAGE][PASSED] - Object: 'Object Repository/Page_Overview/button_Logout_mat-focus-indicator headerLef_5ac3dc' is clicked on

2022-09-01 11:04:32 - [TEST_STEP][PASSED] - click(findTestObject("Object Repository/Page_Overview/button_Customers")): Object: 'Object Repository/Page_Overview/button_Customers' is clicked on

2022-09-01 11:04:33 - [MESSAGE][PASSED] - Object: 'Object Repository/Page_Overview/button_Customers' is clicked on

2022-09-01 11:04:33 - [TEST_STEP][PASSED] - click(findTestObject("Object Repository/Page_Customers/a_Sun Microsystems - EBC")): Object: 'Object Repository/Page_Customers/a_Sun Microsystems - EBC' is clicked on

2022-09-01 11:04:34 - [MESSAGE][PASSED] - Object: 'Object Repository/Page_Customers/a_Sun Microsystems - EBC' is clicked on

2022-09-01 11:04:34 - [TEST_STEP][PASSED] - click(findTestObject("Object Repository/Page_Customers Details/div_Open Invoices")): Object: 'Object Repository/Page_Customers Details/div_Open Invoices' is clicked on

2022-09-01 11:04:37 - [MESSAGE][PASSED] - Object: 'Object Repository/Page_Customers Details/div_Open Invoices' is clicked on

2022-09-01 11:04:37 - [TEST_STEP][PASSED] - click(findTestObject("Object Repository/Page_Customers Details/button_Open Invoices_mat-focus-indicator ma_e209a1")): Object: 'Object Repository/Page_Customers Details/button_Open Invoices_mat-focus-indicator ma_e209a1' is clicked on

2022-09-01 11:04:37 - [MESSAGE][PASSED] - Object: 'Object Repository/Page_Customers Details/button_Open Invoices_mat-focus-indicator ma_e209a1' is clicked on

2022-09-01 11:04:37 - [TEST_STEP][PASSED] - click(findTestObject("Object Repository/Page_Open Invoices/td_INV-002647")): Object: 'Object Repository/Page_Open Invoices/td_INV-002647' is clicked on

2022-09-01 11:04:38 - [MESSAGE][PASSED] - Object: 'Object Repository/Page_Open Invoices/td_INV-002647' is clicked on

2022-09-01 11:04:38 - [TEST_STEP][PASSED] - click(findTestObject("Object Repository/Page_Open Invoices/button_Pay")): Object: 'Object Repository/Page_Open Invoices/button_Pay' is clicked on

2022-09-01 11:04:40 - [MESSAGE][PASSED] - Object: 'Object Repository/Page_Open Invoices/button_Pay' is clicked on

2022-09-01 11:04:40 - [TEST_STEP][PASSED] - click(findTestObject("Object Repository/Page_Open Invoices/div_Select Payment Method")): Object: 'Object Repository/Page_Open Invoices/div_Select Payment Method' is clicked on

2022-09-01 11:04:41 - [MESSAGE][PASSED] - Object: 'Object Repository/Page_Open Invoices/div_Select Payment Method' is clicked on

2022-09-01 11:04:41 - [TEST_STEP][PASSED] - click(findTestObject("Object Repository/Page_Open Invoices/span_VISA 100 (9428)")): Object: 'Object Repository/Page_Open Invoices/span_VISA 100 (9428)' is clicked on

2022-09-01 11:04:42 - [MESSAGE][PASSED] - Object: 'Object Repository/Page_Open Invoices/span_VISA 100 (9428)' is clicked on

2022-09-01 11:04:42 - [TEST_STEP][PASSED] - setText(findTestObject("Object Repository/Page_Open Invoices/input_Balance 249,999.00_mat-input-9"), "2"): Text '2' is set on object 'Object Repository/Page_Open Invoices/input_Balance 249,999.00_mat-input-9'

2022-09-01 11:04:43 - [MESSAGE][PASSED] - Text '2' is set on object 'Object Repository/Page_Open Invoices/input_Balance 249,999.00_mat-input-9'

2022-09-01 11:04:43 - [TEST_STEP][PASSED] - click(findTestObject("Object Repository/Page_Open Invoices/button_Next")): Object: 'Object Repository/Page_Open Invoices/button_Next' is clicked on

2022-09-01 11:04:44 - [MESSAGE][PASSED] - Object: 'Object Repository/Page_Open Invoices/button_Next' is clicked on

2022-09-01 11:04:44 - [TEST_STEP][PASSED] - click(findTestObject("Object Repository/Page_Open Invoices/button_Confirm")): Object: 'Object Repository/Page_Open Invoices/button_Confirm' is clicked on

2022-09-01 11:04:45 - [MESSAGE][PASSED] - Object: 'Object Repository/Page_Open Invoices/button_Confirm' is clicked on

2022-09-01 11:04:45 - [TEST_STEP][PASSED] - verifyElementPresent(findTestObject("Page_Open Invoices/div_Payment Successful"), 10): Object 'Object Repository/Page_Open Invoices/div_Payment Successful' is present

2022-09-01 11:05:00 - [MESSAGE][PASSED] - Object 'Object Repository/Page_Open Invoices/div_Payment Successful' is present

2022-09-01 11:05:00 - [TEST_STEP][PASSED] - click(findTestObject("Object Repository/Page_Open Invoices/button_Close")): Object: 'Object Repository/Page_Open Invoices/button_Close' is clicked on

2022-09-01 11:05:01 - [MESSAGE][PASSED] - Object: 'Object Repository/Page_Open Invoices/button_Close' is clicked on

2022-09-01 11:05:01 - [TEST_STEP][PASSED] - closeBrowser(): Browser is closed

2022-09-01 11:05:02 - [MESSAGE][PASSED] - Browser is closed]]></system-out>
         <system-err><![CDATA[]]></system-err>
      </testcase>
      <testcase name="Test Cases/Smoke Tests/Verify Sync" time="25.265" classname="Test Cases/Smoke Tests/Verify Sync" status="PASSED">
         <system-out><![CDATA[2022-09-01 11:05:02 - [TEST_CASE][PASSED] - Test Cases/Smoke Tests/Verify Sync: Test Cases/Smoke Tests/Verify Sync

2022-09-01 11:05:02 - [TEST_STEP][PASSED] - openBrowser(""): Browser is opened with url: ''

2022-09-01 11:05:02 - [MESSAGE][INFO] - Starting 'Chrome' driver

2022-09-01 11:05:02 - [MESSAGE][INFO] - Action delay is set to 0 milliseconds

2022-09-01 11:05:03 - [MESSAGE][PASSED] - Browser is opened with url: ''

2022-09-01 11:05:03 - [TEST_STEP][PASSED] - navigateToUrl("https://test-automation-do-not-use.dev-connectboosterportal.com/platform/"): Navigate to 'https://test-automation-do-not-use.dev-connectboosterportal.com/platform/' successfully

2022-09-01 11:05:06 - [MESSAGE][PASSED] - Navigate to 'https://test-automation-do-not-use.dev-connectboosterportal.com/platform/' successfully

2022-09-01 11:05:06 - [TEST_STEP][PASSED] - setText(findTestObject("Object Repository/Page_Sign In/input_Enter Email_mat-input-0"), "blake.engrav@bngholdingsinc.com"): Text 'blake.engrav@bngholdingsinc.com' is set on object 'Object Repository/Page_Sign In/input_Enter Email_mat-input-0'

2022-09-01 11:05:08 - [MESSAGE][PASSED] - Text 'blake.engrav@bngholdingsinc.com' is set on object 'Object Repository/Page_Sign In/input_Enter Email_mat-input-0'

2022-09-01 11:05:08 - [TEST_STEP][PASSED] - setEncryptedText(findTestObject("Object Repository/Page_Sign In/input_Please enter valid email_mat-input-1"), "p4y+y39Ir5NKue+owstwyA=="): Text ****** has been set on object 'Object Repository/Page_Sign In/input_Please enter valid email_mat-input-1'

2022-09-01 11:05:09 - [MESSAGE][PASSED] - Text ****** has been set on object 'Object Repository/Page_Sign In/input_Please enter valid email_mat-input-1'

2022-09-01 11:05:09 - [TEST_STEP][PASSED] - click(findTestObject("Object Repository/Page_Sign In/button_Sign In")): Object: 'Object Repository/Page_Sign In/button_Sign In' is clicked on

2022-09-01 11:05:09 - [MESSAGE][PASSED] - Object: 'Object Repository/Page_Sign In/button_Sign In' is clicked on

2022-09-01 11:05:09 - [TEST_STEP][PASSED] - click(findTestObject("Object Repository/Page_Overview/button_Logout_mat-focus-indicator headerLef_5ac3dc")): Object: 'Object Repository/Page_Overview/button_Logout_mat-focus-indicator headerLef_5ac3dc' is clicked on

2022-09-01 11:05:13 - [MESSAGE][PASSED] - Object: 'Object Repository/Page_Overview/button_Logout_mat-focus-indicator headerLef_5ac3dc' is clicked on

2022-09-01 11:05:13 - [TEST_STEP][PASSED] - click(findTestObject("Object Repository/Page_Overview/button_Settings")): Object: 'Object Repository/Page_Overview/button_Settings' is clicked on

2022-09-01 11:05:14 - [MESSAGE][PASSED] - Object: 'Object Repository/Page_Overview/button_Settings' is clicked on

2022-09-01 11:05:14 - [TEST_STEP][PASSED] - click(findTestObject("Object Repository/Page_General Settings/button_Integrations")): Object: 'Object Repository/Page_General Settings/button_Integrations' is clicked on

2022-09-01 11:05:15 - [MESSAGE][PASSED] - Object: 'Object Repository/Page_General Settings/button_Integrations' is clicked on

2022-09-01 11:05:15 - [TEST_STEP][PASSED] - click(findTestObject("Object Repository/Page_Integrations Settings/button_SageIntacct_mat-focus-indicator mat-_f315e5")): Object: 'Object Repository/Page_Integrations Settings/button_SageIntacct_mat-focus-indicator mat-_f315e5' is clicked on

2022-09-01 11:05:16 - [MESSAGE][PASSED] - Object: 'Object Repository/Page_Integrations Settings/button_SageIntacct_mat-focus-indicator mat-_f315e5' is clicked on

2022-09-01 11:05:16 - [TEST_STEP][PASSED] - click(findTestObject("Object Repository/Page_Integrations Settings/span_Settings")): Object: 'Object Repository/Page_Integrations Settings/span_Settings' is clicked on

2022-09-01 11:05:17 - [MESSAGE][PASSED] - Object: 'Object Repository/Page_Integrations Settings/span_Settings' is clicked on

2022-09-01 11:05:17 - [TEST_STEP][PASSED] - click(findTestObject("Object Repository/Page_Integrations Settings/button_Test Connection_1")): Object: 'Object Repository/Page_Integrations Settings/button_Test Connection_1' is clicked on

2022-09-01 11:05:18 - [MESSAGE][PASSED] - Object: 'Object Repository/Page_Integrations Settings/button_Test Connection_1' is clicked on

2022-09-01 11:05:18 - [TEST_STEP][PASSED] - click(findTestObject("Object Repository/Page_Integrations Settings/div_Test Connection Success Close")): Object: 'Object Repository/Page_Integrations Settings/div_Test Connection Success Close' is clicked on

2022-09-01 11:05:26 - [MESSAGE][PASSED] - Object: 'Object Repository/Page_Integrations Settings/div_Test Connection Success Close' is clicked on

2022-09-01 11:05:26 - [TEST_STEP][PASSED] - closeBrowser(): Browser is closed

2022-09-01 11:05:27 - [MESSAGE][PASSED] - Browser is closed]]></system-out>
         <system-err><![CDATA[]]></system-err>
      </testcase>
      <system-out><![CDATA[2022-09-01 11:04:08 - [TEST_SUITE][PASSED] - Test Suite 825: Test Cases/Smoke Tests/Verify Sync]]></system-out>
      <system-err><![CDATA[]]></system-err>
   </testsuite>
</testsuites>
