<?xml version="1.0" encoding="UTF-8"?>
<testsuites name="Test Suite 825" time="31.417" tests="1" failures="0" errors="0">
   <testsuite name="Test Suite 825" tests="1" failures="0" errors="0" time="31.417" skipped="0" timestamp="2022-08-29 11:20:46" hostname="Blake.Engrav - BNG-LPTP-386.mshome.net" id="Test Suites/Test Suite 825">
      <properties>
         <property name="deviceName" value=""/>
         <property name="devicePlatform" value=""/>
         <property name="logFolder" value="C:\\Users\\blake.engrav\\git\\TestCaseRepo\\Reports\\20220829_112038\\Test Suite 825\\20220829_112039"/>
         <property name="logFiles" value="C:\\Users\\blake.engrav\\git\\TestCaseRepo\\Reports\\20220829_112038\\Test Suite 825\\20220829_112039\\execution0.log"/>
         <property name="attachments" value=""/>
         <property name="hostName" value="Blake.Engrav - BNG-LPTP-386.mshome.net"/>
         <property name="os" value="Windows 10 64bit"/>
         <property name="katalonVersion" value="8.4.1.208"/>
         <property name="browser" value="Chrome 99.0.4844.51"/>
         <property name="hostAddress" value="172.24.80.1"/>
         <property name="sessionId" value="84ea3848710dd90f04295e0bf731b88f"/>
         <property name="seleniumVersion" value="3.141.59"/>
         <property name="proxyInformation" value="ProxyInformation { proxyOption=NO_PROXY, proxyServerType=HTTP, username=, password=********, proxyServerAddress=, proxyServerPort=0, executionList=&quot;&quot;, isApplyToDesiredCapabilities=true }"/>
         <property name="platform" value="Windows 10"/>
      </properties>
      <testcase name="Test Cases/Testcase 829" time="31.0" classname="Test Cases/Testcase 829" status="PASSED">
         <system-out><![CDATA[2022-08-29 11:20:47 - [TEST_CASE][PASSED] - Test Cases/Testcase 829: Test Cases/Testcase 829

2022-08-29 11:20:47 - [TEST_STEP][PASSED] - openBrowser(""): Browser is opened with url: ''

2022-08-29 11:20:48 - [MESSAGE][INFO] - Starting 'Chrome' driver

2022-08-29 11:20:48 - [MESSAGE][INFO] - Action delay is set to 0 milliseconds

2022-08-29 11:20:51 - [MESSAGE][PASSED] - Browser is opened with url: ''

2022-08-29 11:20:51 - [TEST_STEP][PASSED] - navigateToUrl("https://testsage-walker.dev-connectboosterportal.com/platform/login"): Navigate to 'https://testsage-walker.dev-connectboosterportal.com/platform/login' successfully

2022-08-29 11:20:54 - [MESSAGE][PASSED] - Navigate to 'https://testsage-walker.dev-connectboosterportal.com/platform/login' successfully

2022-08-29 11:20:54 - [TEST_STEP][PASSED] - setText(findTestObject("Object Repository/Page_Sign In/input_Enter Email_mat-input-0"), "blake.engrav@bngholdingsinc.com"): Text 'blake.engrav@bngholdingsinc.com' is set on object 'Object Repository/Page_Sign In/input_Enter Email_mat-input-0'

2022-08-29 11:20:56 - [MESSAGE][PASSED] - Text 'blake.engrav@bngholdingsinc.com' is set on object 'Object Repository/Page_Sign In/input_Enter Email_mat-input-0'

2022-08-29 11:20:56 - [TEST_STEP][PASSED] - setEncryptedText(findTestObject("Object Repository/Page_Sign In/input_Please enter valid email_mat-input-1"), "p4y+y39Ir5M+OEhtE99IdA=="): Text ****** has been set on object 'Object Repository/Page_Sign In/input_Please enter valid email_mat-input-1'

2022-08-29 11:20:56 - [MESSAGE][PASSED] - Text ****** has been set on object 'Object Repository/Page_Sign In/input_Please enter valid email_mat-input-1'

2022-08-29 11:20:56 - [TEST_STEP][PASSED] - click(findTestObject("Object Repository/Page_Sign In/span_Sign In")): Object: 'Object Repository/Page_Sign In/span_Sign In' is clicked on

2022-08-29 11:20:57 - [MESSAGE][PASSED] - Object: 'Object Repository/Page_Sign In/span_Sign In' is clicked on

2022-08-29 11:20:57 - [TEST_STEP][PASSED] - click(findTestObject("Object Repository/Page_Overview/button_Logout_mat-focus-indicator headerLef_5ac3dc")): Object: 'Object Repository/Page_Overview/button_Logout_mat-focus-indicator headerLef_5ac3dc' is clicked on

2022-08-29 11:21:01 - [MESSAGE][PASSED] - Object: 'Object Repository/Page_Overview/button_Logout_mat-focus-indicator headerLef_5ac3dc' is clicked on

2022-08-29 11:21:01 - [TEST_STEP][PASSED] - click(findTestObject("Object Repository/Page_Overview/button_Customers")): Object: 'Object Repository/Page_Overview/button_Customers' is clicked on

2022-08-29 11:21:02 - [MESSAGE][PASSED] - Object: 'Object Repository/Page_Overview/button_Customers' is clicked on

2022-08-29 11:21:02 - [TEST_STEP][PASSED] - click(findTestObject("Object Repository/Page_Customers/a_company that REALLY loves invoices")): Object: 'Object Repository/Page_Customers/a_company that REALLY loves invoices' is clicked on

2022-08-29 11:21:03 - [MESSAGE][PASSED] - Object: 'Object Repository/Page_Customers/a_company that REALLY loves invoices' is clicked on

2022-08-29 11:21:03 - [TEST_STEP][PASSED] - click(findTestObject("Object Repository/Page_Customers Details/td_INV-002544")): Object: 'Object Repository/Page_Customers Details/td_INV-002544' is clicked on

2022-08-29 11:21:05 - [MESSAGE][PASSED] - Object: 'Object Repository/Page_Customers Details/td_INV-002544' is clicked on

2022-08-29 11:21:05 - [TEST_STEP][PASSED] - click(findTestObject("Object Repository/Page_Customers Details/button_Pay")): Object: 'Object Repository/Page_Customers Details/button_Pay' is clicked on

2022-08-29 11:21:08 - [MESSAGE][PASSED] - Object: 'Object Repository/Page_Customers Details/button_Pay' is clicked on

2022-08-29 11:21:08 - [TEST_STEP][PASSED] - click(findTestObject("Object Repository/Page_Customers Details/span_Wallet_mat-select-placeholder mat-sele_4fa54e")): Object: 'Object Repository/Page_Customers Details/span_Wallet_mat-select-placeholder mat-sele_4fa54e' is clicked on

2022-08-29 11:21:09 - [MESSAGE][PASSED] - Object: 'Object Repository/Page_Customers Details/span_Wallet_mat-select-placeholder mat-sele_4fa54e' is clicked on

2022-08-29 11:21:09 - [TEST_STEP][PASSED] - click(findTestObject("Object Repository/Page_Customers Details/span_Visa hunned (9428)")): Object: 'Object Repository/Page_Customers Details/span_Visa hunned (9428)' is clicked on

2022-08-29 11:21:09 - [MESSAGE][PASSED] - Object: 'Object Repository/Page_Customers Details/span_Visa hunned (9428)' is clicked on

2022-08-29 11:21:09 - [TEST_STEP][PASSED] - click(findTestObject("Object Repository/Page_Customers Details/div_Visa hunned (9428)")): Object: 'Object Repository/Page_Customers Details/div_Visa hunned (9428)' is clicked on

2022-08-29 11:21:10 - [MESSAGE][PASSED] - Object: 'Object Repository/Page_Customers Details/div_Visa hunned (9428)' is clicked on

2022-08-29 11:21:10 - [TEST_STEP][PASSED] - click(findTestObject("Object Repository/Page_Customers Details/span_test (1111)")): Object: 'Object Repository/Page_Customers Details/span_test (1111)' is clicked on

2022-08-29 11:21:11 - [MESSAGE][PASSED] - Object: 'Object Repository/Page_Customers Details/span_test (1111)' is clicked on

2022-08-29 11:21:11 - [TEST_STEP][PASSED] - setText(findTestObject("Object Repository/Page_Customers Details/input_Balance 100.00_mat-input-9"), "1"): Text '1' is set on object 'Object Repository/Page_Customers Details/input_Balance 100.00_mat-input-9'

2022-08-29 11:21:12 - [MESSAGE][PASSED] - Text '1' is set on object 'Object Repository/Page_Customers Details/input_Balance 100.00_mat-input-9'

2022-08-29 11:21:12 - [TEST_STEP][PASSED] - click(findTestObject("Object Repository/Page_Customers Details/button_Next")): Object: 'Object Repository/Page_Customers Details/button_Next' is clicked on

2022-08-29 11:21:13 - [MESSAGE][PASSED] - Object: 'Object Repository/Page_Customers Details/button_Next' is clicked on

2022-08-29 11:21:13 - [TEST_STEP][PASSED] - click(findTestObject("Object Repository/Page_Customers Details/button_Confirm")): Object: 'Object Repository/Page_Customers Details/button_Confirm' is clicked on

2022-08-29 11:21:14 - [MESSAGE][PASSED] - Object: 'Object Repository/Page_Customers Details/button_Confirm' is clicked on

2022-08-29 11:21:14 - [TEST_STEP][PASSED] - click(findTestObject("Object Repository/Page_Customers Details/div_Error Issuer Declined")): Object: 'Object Repository/Page_Customers Details/div_Error Issuer Declined' is clicked on

2022-08-29 11:21:17 - [MESSAGE][PASSED] - Object: 'Object Repository/Page_Customers Details/div_Error Issuer Declined' is clicked on

2022-08-29 11:21:17 - [TEST_STEP][PASSED] - closeBrowser(): Browser is closed

2022-08-29 11:21:18 - [MESSAGE][PASSED] - Browser is closed]]></system-out>
         <system-err><![CDATA[]]></system-err>
      </testcase>
      <system-out><![CDATA[2022-08-29 11:20:46 - [TEST_SUITE][PASSED] - Test Suite 825: Test Cases/Testcase 829]]></system-out>
      <system-err><![CDATA[]]></system-err>
   </testsuite>
</testsuites>
